<?xml version="1.0" encoding="UTF-8"?>
<!-- Generated by org.testng.reporters.JUnitXMLReporter -->
<testsuite hostname="Manish" ignored="7" name="Test" tests="1" failures="0" timestamp="10 Feb 2020 03:48:27 GMT" time="0.048" errors="0">
  <testcase name="test1" time="0.016" classname="com.pack2.M2"/>
  <testcase name="test" time="0.0" classname="com.pack2.M4">
    <ignored/>
  </testcase> <!-- test -->
  <testcase name="test2" time="0.0" classname="com.pack2.M2">
    <ignored/>
  </testcase> <!-- test2 -->
  <testcase name="createUser" time="0.0" classname="com.pack2.M3">
    <ignored/>
  </testcase> <!-- createUser -->
  <testcase name="test" time="0.0" classname="com.pack2.M5">
    <ignored/>
  </testcase> <!-- test -->
  <testcase name="test" time="0.0" classname="com.pack2.M2">
    <ignored/>
  </testcase> <!-- test -->
  <testcase name="deleteUser" time="0.0" classname="com.pack2.M3">
    <ignored/>
  </testcase> <!-- deleteUser -->
  <testcase name="test" time="0.0" classname="com.pack2.M1">
    <ignored/>
  </testcase> <!-- test -->
</testsuite> <!-- Test -->
