<?xml version="1.0" encoding="UTF-8"?>
<testng-results skipped="0" failed="0" total="1" passed="1">
  <reporter-output>
    <line>
      <![CDATA[actitime app launched]]>
    </line>
  </reporter-output>
  <suite name="Default suite" duration-ms="26942" started-at="2020-08-01T15:21:56Z" finished-at="2020-08-01T15:22:23Z">
    <groups>
    </groups>
    <test name="Default test" duration-ms="26942" started-at="2020-08-01T15:21:56Z" finished-at="2020-08-01T15:22:23Z">
      <class name="com.pack2.Tester1">
        <test-method status="PASS" signature="setup()[pri:0, instance:com.pack2.Tester1@3fee9989]" name="setup" is-config="true" duration-ms="6165" started-at="2020-08-01T20:51:56Z" finished-at="2020-08-01T20:52:02Z">
          <reporter-output>
          </reporter-output>
        </test-method> <!-- setup -->
        <test-method status="PASS" signature="test2()[pri:0, instance:com.pack2.Tester1@3fee9989]" name="test2" duration-ms="19326" started-at="2020-08-01T20:52:02Z" description="click login button in actitime app" finished-at="2020-08-01T20:52:22Z">
          <reporter-output>
            <line>
              <![CDATA[actitime app launched]]>
            </line>
          </reporter-output>
        </test-method> <!-- test2 -->
        <test-method status="PASS" signature="tearDown()[pri:0, instance:com.pack2.Tester1@3fee9989]" name="tearDown" is-config="true" duration-ms="1412" started-at="2020-08-01T20:52:22Z" finished-at="2020-08-01T20:52:23Z">
          <reporter-output>
          </reporter-output>
        </test-method> <!-- tearDown -->
      </class> <!-- com.pack2.Tester1 -->
    </test> <!-- Default test -->
  </suite> <!-- Default suite -->
</testng-results>
