<?xml version="1.0" encoding="UTF-8"?>
<testng-results skipped="0" failed="0" total="2" passed="2">
  <reporter-output>
  </reporter-output>
  <suite name="Suite" duration-ms="27189" started-at="2020-03-14T03:51:10Z" finished-at="2020-03-14T03:51:37Z">
    <groups>
    </groups>
    <test name="Test" duration-ms="27189" started-at="2020-03-14T03:51:10Z" finished-at="2020-03-14T03:51:37Z">
      <class name="com.pack3.Tester1">
        <test-method status="PASS" signature="beforeMethod()[pri:0, instance:com.pack3.Tester1@cc285f4]" name="beforeMethod" is-config="true" duration-ms="14471" started-at="2020-03-14T09:21:10Z" finished-at="2020-03-14T09:21:24Z">
          <reporter-output>
          </reporter-output>
        </test-method> <!-- beforeMethod -->
        <test-method status="PASS" signature="atitimeLogin()[pri:0, instance:com.pack3.Tester1@cc285f4]" name="atitimeLogin" duration-ms="11254" started-at="2020-03-14T09:21:24Z" finished-at="2020-03-14T09:21:36Z">
          <reporter-output>
          </reporter-output>
        </test-method> <!-- atitimeLogin -->
        <test-method status="PASS" signature="afterMethod()[pri:0, instance:com.pack3.Tester1@cc285f4]" name="afterMethod" is-config="true" duration-ms="1290" started-at="2020-03-14T09:21:36Z" finished-at="2020-03-14T09:21:37Z">
          <reporter-output>
          </reporter-output>
        </test-method> <!-- afterMethod -->
      </class> <!-- com.pack3.Tester1 -->
      <class name="com.pack3.Tester2">
        <test-method status="PASS" signature="beforeMethod()[pri:0, instance:com.pack3.Tester2@55f3ddb1]" name="beforeMethod" is-config="true" duration-ms="25021" started-at="2020-03-14T09:21:10Z" finished-at="2020-03-14T09:21:35Z">
          <reporter-output>
          </reporter-output>
        </test-method> <!-- beforeMethod -->
        <test-method status="PASS" signature="atitimeLogin3()[pri:0, instance:com.pack3.Tester2@55f3ddb1]" name="atitimeLogin3" duration-ms="875" started-at="2020-03-14T09:21:35Z" finished-at="2020-03-14T09:21:36Z">
          <reporter-output>
          </reporter-output>
        </test-method> <!-- atitimeLogin3 -->
        <test-method status="PASS" signature="afterMethod()[pri:0, instance:com.pack3.Tester2@55f3ddb1]" name="afterMethod" is-config="true" duration-ms="1259" started-at="2020-03-14T09:21:36Z" finished-at="2020-03-14T09:21:37Z">
          <reporter-output>
          </reporter-output>
        </test-method> <!-- afterMethod -->
      </class> <!-- com.pack3.Tester2 -->
    </test> <!-- Test -->
  </suite> <!-- Suite -->
</testng-results>
