<?xml version="1.0" encoding="UTF-8"?>
<!-- Generated by org.testng.reporters.JUnitXMLReporter -->
<testsuite hostname="Manish" ignored="17" name="Test1" tests="11" failures="0" timestamp="15 Feb 2020 04:06:10 GMT" time="0.047" errors="0">
  <testcase name="test5" time="0.0" classname="com.pack1.Tester3"/>
  <testcase name="test" time="0.0" classname="com.pack1.Tester1"/>
  <testcase name="test3" time="0.001" classname="com.pack1.Tester2"/>
  <testcase name="test1" time="0.0" classname="com.pack1.Tester2"/>
  <testcase name="test2" time="0.0" classname="com.pack1.Tester2"/>
  <testcase name="test6" time="0.001" classname="com.pack1.Tester3"/>
  <testcase name="test7" time="0.0" classname="com.pack1.Tester4"/>
  <testcase name="test9" time="0.0" classname="com.pack1.Tester4"/>
  <testcase name="test9" time="0.0" classname="com.pack1.Tester4"/>
  <testcase name="test9" time="0.002" classname="com.pack1.Tester4"/>
  <testcase name="test9" time="0.0" classname="com.pack1.Tester4"/>
  <testcase name="@BeforeTest beforeTest" time="0.0" classname="com.pack1.SuperTest">
    <ignored/>
  </testcase> <!-- @BeforeTest beforeTest -->
  <testcase name="@BeforeTest beforeTest" time="0.0" classname="com.pack1.SuperTest">
    <ignored/>
  </testcase> <!-- @BeforeTest beforeTest -->
  <testcase name="@BeforeTest beforeTest" time="0.0" classname="com.pack1.SuperTest">
    <ignored/>
  </testcase> <!-- @BeforeTest beforeTest -->
  <testcase name="@BeforeTest beforeTest" time="0.0" classname="com.pack1.SuperTest">
    <ignored/>
  </testcase> <!-- @BeforeTest beforeTest -->
  <testcase name="@AfterSuite afterSuite" time="0.0" classname="com.pack1.SuperTest">
    <ignored/>
  </testcase> <!-- @AfterSuite afterSuite -->
  <testcase name="@AfterSuite afterSuite" time="0.0" classname="com.pack1.SuperTest">
    <ignored/>
  </testcase> <!-- @AfterSuite afterSuite -->
  <testcase name="@AfterSuite afterSuite" time="0.0" classname="com.pack1.SuperTest">
    <ignored/>
  </testcase> <!-- @AfterSuite afterSuite -->
  <testcase name="@AfterSuite afterSuite" time="0.0" classname="com.pack1.SuperTest">
    <ignored/>
  </testcase> <!-- @AfterSuite afterSuite -->
  <testcase name="@AfterTest afterTest" time="0.0" classname="com.pack1.SuperTest">
    <ignored/>
  </testcase> <!-- @AfterTest afterTest -->
  <testcase name="@AfterTest afterTest" time="0.0" classname="com.pack1.SuperTest">
    <ignored/>
  </testcase> <!-- @AfterTest afterTest -->
  <testcase name="@AfterTest afterTest" time="0.0" classname="com.pack1.SuperTest">
    <ignored/>
  </testcase> <!-- @AfterTest afterTest -->
  <testcase name="@AfterTest afterTest" time="0.0" classname="com.pack1.SuperTest">
    <ignored/>
  </testcase> <!-- @AfterTest afterTest -->
  <testcase name="@BeforeSuite beforeSuite" time="0.0" classname="com.pack1.SuperTest">
    <ignored/>
  </testcase> <!-- @BeforeSuite beforeSuite -->
  <testcase name="@BeforeSuite beforeSuite" time="0.0" classname="com.pack1.SuperTest">
    <ignored/>
  </testcase> <!-- @BeforeSuite beforeSuite -->
  <testcase name="@BeforeSuite beforeSuite" time="0.0" classname="com.pack1.SuperTest">
    <ignored/>
  </testcase> <!-- @BeforeSuite beforeSuite -->
  <testcase name="@BeforeSuite beforeSuite" time="0.0" classname="com.pack1.SuperTest">
    <ignored/>
  </testcase> <!-- @BeforeSuite beforeSuite -->
  <testcase name="test8" time="0.0" classname="com.pack1.Tester4">
    <ignored/>
  </testcase> <!-- test8 -->
</testsuite> <!-- Test1 -->
