<?xml version="1.0" encoding="UTF-8"?>
<testng-results skipped="0" failed="0" total="1" passed="1">
  <reporter-output>
  </reporter-output>
  <suite name="Default suite" duration-ms="18538" started-at="2020-07-25T05:20:50Z" finished-at="2020-07-25T05:21:08Z">
    <groups>
    </groups>
    <test name="Default test" duration-ms="18538" started-at="2020-07-25T05:20:50Z" finished-at="2020-07-25T05:21:08Z">
      <class name="com.pack3.Tester3">
        <test-method status="PASS" signature="beforeMethod()[pri:0, instance:com.pack3.Tester3@c038203]" name="beforeMethod" is-config="true" duration-ms="5885" started-at="2020-07-25T10:50:50Z" finished-at="2020-07-25T10:50:55Z">
          <reporter-output>
          </reporter-output>
        </test-method> <!-- beforeMethod -->
        <test-method status="PASS" signature="test()[pri:0, instance:com.pack3.Tester3@c038203]" name="test" duration-ms="11713" started-at="2020-07-25T10:50:55Z" finished-at="2020-07-25T10:51:07Z">
          <reporter-output>
          </reporter-output>
        </test-method> <!-- test -->
        <test-method status="PASS" signature="afterMethod()[pri:0, instance:com.pack3.Tester3@c038203]" name="afterMethod" is-config="true" duration-ms="897" started-at="2020-07-25T10:51:07Z" finished-at="2020-07-25T10:51:08Z">
          <reporter-output>
          </reporter-output>
        </test-method> <!-- afterMethod -->
      </class> <!-- com.pack3.Tester3 -->
    </test> <!-- Default test -->
  </suite> <!-- Default suite -->
</testng-results>
