<?xml version="1.0" encoding="UTF-8"?>
<testng-results skipped="0" failed="0" total="1" passed="1">
  <reporter-output>
    <line>
      <![CDATA[Old report backed up to folder Test-Reports//18Mar20_08.53.08.646//]]>
    </line>
    <line>
      <![CDATA[fileDownloadPath C:\Users\tester_android\Desktop\WeekDay04\workspace\TestFramework\downloads\]]>
    </line>
  </reporter-output>
  <suite name="Default suite" duration-ms="33930" started-at="2020-03-18T03:23:09Z" finished-at="2020-03-18T03:23:42Z">
    <groups>
    </groups>
    <test name="Default test" duration-ms="33930" started-at="2020-03-18T03:23:09Z" finished-at="2020-03-18T03:23:42Z">
      <class name="com.appname.tests.DeleteTypeOfWorkTest">
        <test-method status="PASS" signature="preSuite()[pri:0, instance:com.appname.tests.DeleteTypeOfWorkTest@d8355a8]" name="preSuite" is-config="true" duration-ms="312" started-at="2020-03-18T08:53:08Z" finished-at="2020-03-18T08:53:09Z">
          <reporter-output>
            <line>
              <![CDATA[Old report backed up to folder Test-Reports//18Mar20_08.53.08.646//]]>
            </line>
          </reporter-output>
        </test-method> <!-- preSuite -->
        <test-method status="PASS" signature="precondition()[pri:0, instance:com.appname.tests.DeleteTypeOfWorkTest@d8355a8]" name="precondition" is-config="true" duration-ms="15289" started-at="2020-03-18T08:53:09Z" finished-at="2020-03-18T08:53:24Z">
          <reporter-output>
            <line>
              <![CDATA[fileDownloadPath C:\Users\tester_android\Desktop\WeekDay04\workspace\TestFramework\downloads\]]>
            </line>
          </reporter-output>
        </test-method> <!-- precondition -->
        <test-method status="PASS" signature="testDeleteTypeOfWork()[pri:0, instance:com.appname.tests.DeleteTypeOfWorkTest@d8355a8]" name="testDeleteTypeOfWork" duration-ms="16903" started-at="2020-03-18T08:53:24Z" finished-at="2020-03-18T08:53:41Z">
          <reporter-output>
          </reporter-output>
        </test-method> <!-- testDeleteTypeOfWork -->
        <test-method status="PASS" signature="postCondition(org.testng.ITestResult)[pri:0, instance:com.appname.tests.DeleteTypeOfWorkTest@d8355a8]" name="postCondition" is-config="true" duration-ms="1697" started-at="2020-03-18T08:53:41Z" finished-at="2020-03-18T08:53:42Z">
          <params>
            <param index="0">
              <value>
                <![CDATA[[TestResult name=testDeleteTypeOfWork status=SUCCESS method=DeleteTypeOfWorkTest.testDeleteTypeOfWork()[pri:0, instance:com.appname.tests.DeleteTypeOfWorkTest@d8355a8] output={null}]]]>
              </value>
            </param>
          </params>
          <reporter-output>
          </reporter-output>
        </test-method> <!-- postCondition -->
      </class> <!-- com.appname.tests.DeleteTypeOfWorkTest -->
    </test> <!-- Default test -->
  </suite> <!-- Default suite -->
</testng-results>
