<?xml version="1.0" encoding="UTF-8"?>
<testng-results skipped="0" failed="0" total="1" passed="1">
  <reporter-output>
    <line>
      <![CDATA[Old report backed up to folder Test-Reports//01Aug20_08.27.09.881//]]>
    </line>
    <line>
      <![CDATA[fileDownloadPath C:\Users\tester_android\Desktop\WeekDay04\workspace\TestFramework\downloads\]]>
    </line>
  </reporter-output>
  <suite name="Default suite" duration-ms="43822" started-at="2020-08-01T02:57:10Z" finished-at="2020-08-01T02:57:54Z">
    <groups>
    </groups>
    <test name="Default test" duration-ms="43822" started-at="2020-08-01T02:57:10Z" finished-at="2020-08-01T02:57:54Z">
      <class name="com.appname.tests.VerifyWebsiteLinkTest">
        <test-method status="PASS" signature="preSuite()[pri:0, instance:com.appname.tests.VerifyWebsiteLinkTest@d8355a8]" name="preSuite" is-config="true" duration-ms="366" started-at="2020-08-01T08:27:09Z" finished-at="2020-08-01T08:27:10Z">
          <reporter-output>
            <line>
              <![CDATA[Old report backed up to folder Test-Reports//01Aug20_08.27.09.881//]]>
            </line>
          </reporter-output>
        </test-method> <!-- preSuite -->
        <test-method status="PASS" signature="precondition()[pri:0, instance:com.appname.tests.VerifyWebsiteLinkTest@d8355a8]" name="precondition" is-config="true" duration-ms="24265" started-at="2020-08-01T08:27:10Z" finished-at="2020-08-01T08:27:34Z">
          <reporter-output>
            <line>
              <![CDATA[fileDownloadPath C:\Users\tester_android\Desktop\WeekDay04\workspace\TestFramework\downloads\]]>
            </line>
          </reporter-output>
        </test-method> <!-- precondition -->
        <test-method status="PASS" signature="testVerifyWebsiteLink()[pri:0, instance:com.appname.tests.VerifyWebsiteLinkTest@d8355a8]" name="testVerifyWebsiteLink" duration-ms="18669" started-at="2020-08-01T08:27:34Z" finished-at="2020-08-01T08:27:53Z">
          <reporter-output>
          </reporter-output>
        </test-method> <!-- testVerifyWebsiteLink -->
        <test-method status="PASS" signature="postCondition(org.testng.ITestResult)[pri:0, instance:com.appname.tests.VerifyWebsiteLinkTest@d8355a8]" name="postCondition" is-config="true" duration-ms="861" started-at="2020-08-01T08:27:53Z" finished-at="2020-08-01T08:27:54Z">
          <params>
            <param index="0">
              <value>
                <![CDATA[[TestResult name=testVerifyWebsiteLink status=SUCCESS method=VerifyWebsiteLinkTest.testVerifyWebsiteLink()[pri:0, instance:com.appname.tests.VerifyWebsiteLinkTest@d8355a8] output={null}]]]>
              </value>
            </param>
          </params>
          <reporter-output>
          </reporter-output>
        </test-method> <!-- postCondition -->
      </class> <!-- com.appname.tests.VerifyWebsiteLinkTest -->
    </test> <!-- Default test -->
  </suite> <!-- Default suite -->
</testng-results>
