<?xml version="1.0" encoding="UTF-8"?>
<testng-results skipped="0" failed="0" ignored="0" total="1" passed="1">
  <reporter-output>
  </reporter-output>
  <suite name="Suite" duration-ms="59" started-at="2020-02-15T04:06:50Z" finished-at="2020-02-15T04:06:50Z">
    <groups>
    </groups>
    <test name="Test" duration-ms="59" started-at="2020-02-15T04:06:50Z" finished-at="2020-02-15T04:06:50Z">
      <class name="com.pack1.Tester1">
        <test-method status="PASS" signature="beforeSuite()[pri:0, instance:com.pack1.Tester1@357246de]" name="beforeSuite" is-config="true" duration-ms="84" started-at="2020-02-15T04:06:50Z" finished-at="2020-02-15T04:06:50Z">
          <reporter-output>
          </reporter-output>
        </test-method> <!-- beforeSuite -->
        <test-method status="PASS" signature="beforeTest()[pri:0, instance:com.pack1.Tester1@357246de]" name="beforeTest" is-config="true" duration-ms="0" started-at="2020-02-15T04:06:50Z" finished-at="2020-02-15T04:06:50Z">
          <reporter-output>
          </reporter-output>
        </test-method> <!-- beforeTest -->
        <test-method status="PASS" signature="beforeClass()[pri:0, instance:com.pack1.Tester1@357246de]" name="beforeClass" is-config="true" duration-ms="0" started-at="2020-02-15T04:06:50Z" finished-at="2020-02-15T04:06:50Z">
          <reporter-output>
          </reporter-output>
        </test-method> <!-- beforeClass -->
        <test-method status="PASS" signature="beforeMethod()[pri:0, instance:com.pack1.Tester1@357246de]" name="beforeMethod" is-config="true" duration-ms="1" started-at="2020-02-15T04:06:50Z" finished-at="2020-02-15T04:06:50Z">
          <reporter-output>
          </reporter-output>
        </test-method> <!-- beforeMethod -->
        <test-method status="PASS" signature="test()[pri:0, instance:com.pack1.Tester1@357246de]" name="test" duration-ms="4" started-at="2020-02-15T04:06:50Z" finished-at="2020-02-15T04:06:50Z">
          <reporter-output>
          </reporter-output>
        </test-method> <!-- test -->
        <test-method status="PASS" signature="afterMethod()[pri:0, instance:com.pack1.Tester1@357246de]" name="afterMethod" is-config="true" duration-ms="0" started-at="2020-02-15T04:06:50Z" finished-at="2020-02-15T04:06:50Z">
          <reporter-output>
          </reporter-output>
        </test-method> <!-- afterMethod -->
        <test-method status="PASS" signature="AfterClass()[pri:0, instance:com.pack1.Tester1@357246de]" name="AfterClass" is-config="true" duration-ms="1" started-at="2020-02-15T04:06:50Z" finished-at="2020-02-15T04:06:50Z">
          <reporter-output>
          </reporter-output>
        </test-method> <!-- AfterClass -->
        <test-method status="PASS" signature="afterTest()[pri:0, instance:com.pack1.Tester1@357246de]" name="afterTest" is-config="true" duration-ms="0" started-at="2020-02-15T04:06:50Z" finished-at="2020-02-15T04:06:50Z">
          <reporter-output>
          </reporter-output>
        </test-method> <!-- afterTest -->
        <test-method status="PASS" signature="afterSuite()[pri:0, instance:com.pack1.Tester1@357246de]" name="afterSuite" is-config="true" duration-ms="1" started-at="2020-02-15T04:06:50Z" finished-at="2020-02-15T04:06:50Z">
          <reporter-output>
          </reporter-output>
        </test-method> <!-- afterSuite -->
      </class> <!-- com.pack1.Tester1 -->
    </test> <!-- Test -->
  </suite> <!-- Suite -->
</testng-results>
